c:\users\v-tianlz\source\repos\project5\project5\debug\project5.pch
c:\users\v-tianlz\source\repos\project5\project5\debug\vc142.pdb
c:\users\v-tianlz\source\repos\project5\project5\debug\vc142.idb
c:\users\v-tianlz\source\repos\project5\project5\debug\pch.obj
c:\users\v-tianlz\source\repos\project5\project5\debug\project5.obj
c:\users\v-tianlz\source\repos\project5\project5\debug\dllmain.obj
c:\users\vsdiagtester\desktop\project5\project5\project5\debug\project5.pch
c:\users\vsdiagtester\desktop\project5\project5\project5\debug\vc142.pdb
c:\users\vsdiagtester\desktop\project5\project5\project5\debug\vc142.idb
c:\users\vsdiagtester\desktop\project5\project5\project5\debug\pch.obj
c:\users\vsdiagtester\desktop\project5\project5\project5\debug\project5.obj
c:\users\vsdiagtester\desktop\project5\project5\project5\debug\dllmain.obj
c:\users\v-tianlz\source\repos\project5\debug\project5.ilk
c:\users\v-tianlz\source\repos\project5\debug\project5.dll
c:\users\v-tianlz\source\repos\project5\debug\project5.pdb
c:\users\vsdiagtester\desktop\project5\project5\debug\project5.ilk
c:\users\vsdiagtester\desktop\project5\project5\debug\project5.dll
c:\users\vsdiagtester\desktop\project5\project5\debug\project5.pdb
c:\users\v-tianlz\source\repos\project5\debug\project5.lib
c:\users\v-tianlz\source\repos\project5\debug\project5.exp
c:\users\vsdiagtester\desktop\project5\project5\debug\project5.lib
c:\users\vsdiagtester\desktop\project5\project5\debug\project5.exp
c:\cominterop\project5\debug\dllmain.obj
c:\cominterop\project5\debug\pch.obj
c:\cominterop\project5\debug\project5.obj
c:\cominterop\project5\debug\project5.pch
c:\cominterop\project5\debug\vc142.idb
c:\cominterop\project5\debug\vc142.pdb
c:\cominterop\debug\project5.pdb
c:\cominterop\debug\project5.dll
c:\cominterop\debug\project5.ilk
c:\cominterop\project5\debug\project5.tlog\cl.command.1.tlog
c:\cominterop\project5\debug\project5.tlog\cl.read.1.tlog
c:\cominterop\project5\debug\project5.tlog\cl.write.1.tlog
c:\cominterop\project5\debug\project5.tlog\link.command.1.tlog
c:\cominterop\project5\debug\project5.tlog\link.delete.1.tlog
c:\cominterop\project5\debug\project5.tlog\link.read.1.tlog
c:\cominterop\project5\debug\project5.tlog\link.write.1.tlog
c:\cominterop\project5\debug\project5.tlog\project5.write.1u.tlog
